<?xml version="1.0" encoding="UTF-8"?>
<testsuite name="com.packtpub.ge.hello.GreetingServiceTest" tests="2" skipped="0" failures="0" errors="0" timestamp="2024-07-10T17:59:47" hostname="berryfarm" time="0.003">
  <properties/>
  <testcase name="testGreet" classname="com.packtpub.ge.hello.GreetingServiceTest" time="0.002"/>
  <testcase name="testGreet2" classname="com.packtpub.ge.hello.GreetingServiceTest" time="0.0"/>
  <system-out><![CDATA[]]></system-out>
  <system-err><![CDATA[]]></system-err>
</testsuite>
